[   000000] inux versio 4.150-2-gneic (budd@lgw1-ad64-023) cc vesin 7.30 Ubuntu 7.3.0-16ubuntu3)) #45-Ubuntu SMP Thu Nov 15 19:32:57 UTC 2018 buntu4.5.0-42.4generic 4.15.18)
[    0.000000] Command line: BOOT_IMAGE=/boot/vmlinuz-4.15.0-42-gneic root=LABEL=loudimgootfs ro conol=tty1 console=ttyS0
[    00000] ERNEL suppoted cpus:
[    0.000000]   ntel GnuineInel
[   0.000000] AAMD AthnticAMD
[   .000000]  entaurCetaurHals
[   0.00000 x6/fpu:SuportngXSAVE eaure 0x001: 'x87 floating point registes'
[    0.000000 x6/fpu:Suportg XSVE eature 0x02:'SSE regsters'
[    0.0000] x8fpu: SpprtinXSAVEfeture 0x004: 'AVX registers'
[    0.000000] x86/fpu: xstate_offset[2]:  576, xtae_sizs[]:  25
    0.0000] x8/fpu: Enabled xstate features 0x7, context size is 832 bytes, using 'standard' format.
[    0.000000] e820: BIOS-provided physical RAM map:
[    0.00000] BOSe820: em 0000000000000-x0000000009fbff] usable
[   0.00000 BIOS-82: [mem 0x000000000009fc00-0x000000000009ffff] reserved
[    0.000000] BIOS-e820: [mem 0x00000000000f0000-0x0000000000ffff] eserv
[   0.00000 BOS-e20 [mem 0000000010000-000000003feffff]usable
[    0.000000] BIOS-e820: [mem 0x000000003fff0000-0x000000003fffffff] ACPI data
[    0.000000] BIOS-e820: mem 0x000000fec000-00000000fec00ff] reserved
[    0.000000] BIOS-e820: [mem 0x00000000fee00000-0x00000000fee00fff] reserved
[   0.000000] BIO-e820: [mem 0x0000000fffc0000-x0000000ffffff] reerve
[   0.00000] NX (Execute Disable) protection: active
[    0.000000] SMBIOS 2.5 present.
[    0.000000] DMI: innotek GmbH VirtualBox/VirtualBox, BIOS VirtualBox 12/01/2006
[    0.000000] Hpeviso dtected KM
[   0.00000] e820:lastpf = 03ff0 mx_archpfn = 04000000
[    000000] MTR:Disabled[    0.000000] 86PATT: MTRRs disabld, siping PAT initialization too.
[    0.000000] CPU MTRRs all blank - virtuaaliedsystm.
[    0.00000] 86/PT: Cofiguratio [0-7]: WB  WT  UC- UC  WB  WT  UC- UC  
[    0.000000] found SMP MP-table at [mem 0x0009fff0-0x0009ffff] mapped at [        (ptrval)]
[    0.000000] Scanning 1 areas for low mory corution
[  0.00000] RAMIS: [mem x3ae3000-0x3668ff][    000000]ACI: Ealytable heksum verification disabled
[    0.000000] ACPI: RSDP 0x00000000000E0000 000024 (v02 VBOX )
[  0.0000] ACP: XSDT 0x000000003FFF030 000C (v VBOX  VBXXST 0000001 ASL 000001)
[   0.00000 API: FAP x00000003FF00F0000F4 v0 VBOX  BOXFACP 000001 A  00000061
[    .000000] ACPI: DSDT 0x000000003FFF0470 0021F (v02 VBOX   VBOXBIOS 00000002 INTL 20100528)
[    0.000000] ACPI: FACS 0x000000003FFF0200 000040
[    0.000000] ACPI: FACS 0x000000003FFF0200 000040
[   0.00000]CPI: API 0x000000003FFF0240 0000C (v2 BOX   VBOAPC 000001 AS  0000061)
[    0.000000] ACPI: SSDT 0x000000003FFF02A0 0001CC (v01 VOX  VBOXCUT00000002INL 200028
    0.0000] No UM confguation found
[    0.000000] Faking a node at [mem 0x0000000000000000-0x000000003ffeffff]
[    0.000000] NDEDATA(0 alocatd mem 0x3fc500-0ffefff]
[   .000000] kvm-clock: cpu 0, msr 0:3ff44001, primary cpu clock
[   0.00000] vm-clock: Using msrs 4b564d01 and 4b564d00
[    0.000000] kvm-clock: using sched offset of 4535265127 cycles
[    0.000000] clocksource: kvm-clock: mask: 0xfffffffffffff max_ccls: 0x1cd2edffb, max_idle_ns: 881590591483 ns
[    0.000000] Zone ranges:
[    .00000]   A      [mem 0x0000000000001000-0x0000000000ffffff]
[    0.000000]   DMA32    [mem 0x0000000001000000-0x000000003ffefff][    0.0000]   Nrml   epty
[    0.000000]   Device   empty
[    0.000000] Movable zonestartfo each node[    0.0000] Ealymemory node ranges
[    0.000000]   node   0: [mem 0x0000000000001000-0x0000000009eff
[   0.00000]   node   0: [mem 0x0000000000100000-0x000000003ffeffff]
[    0.000000] Initmem setup node 0 [mem 0x0000000000001000-0x00000003fefff][    0.000000] Reserved but unavailable: 98 pages
[    0.0000] AC: PMTier I Prt: 0x400
    .0000] OAPIC[0]: apic_id 2, version 32, addres 0xfec0000, GSI -23
[   0.000000] ACI:INTSR_OVR (bus 0 bus_irq 0 global_irq 2 dfl dfl)
[    0.000000] ACPI: INT_SRC_OVR (bus 0 bus_irq 9 global_irq 9 low level)
[    0.000000] Using ACPI (MA) for SP onfigurtin inormation
[    000000 smpboot: Allowing 2 CPUs, 0 hotplug CPUs
[    0.000000] PM: Registere nosavememory [em 0x000000-0x0000ff]
[  0.000000] PM: Registered nosave memory: [mem 0x0009f000-0x0009ffff]
[    0.000000] PM: Registered nosave memory: [mem 0x000a0000-0x0effff]
   0.0000] P: Rgisteredosave memory: [mem 0x000f0000x000fffff]
   0.00000 e820: [mem 0x40000000-0xfebfffff] available for PCI devices
[    0.000000Bootingpaavirtualized kernel on KVM
[   .00000 clocksurce: refined-jiffis:mask: xfffffff m_cycle: xfffffff,max_dl_ns:7655196211568 ns
    .00000]radom: get_rndm_bytes called from start_kernel+0x99/4fd it crng_nit=0
[   0.0000] setp_percpu: NR_CPUS:8192 nr_cpumask_bits:2 nr_cpu_ids:2 nr_node_ids:1
[    0.000000] percpu: Embedded 46 pages/cpu @        (ptrval) s151552 r8192 d28672 u1048576[    0.00000] PV qspinlock hash table entries: 256 (order: 0, 4096 bytes)
[    0.000000] Built 1 zoneists,moility gupingn.  Ttal pages: 257913
[    0.000000] Policy zone: DMA32
[    0.000000] Kernel command line: BOOT_IMAGE=/boot/vmlinuz-4.15.0-42-geneic root=LABEL=cloudimgrootfs r consletty1 conle=ttyS0
[   000000] Memry 983616K/10812K avaiabe (1200 kernel code,242K rwdata, 4252K rodata, 2408K init, 2416K bss, 64504K reserved, 0K cma-reserved)
[    0.000000] SLUB: HWalign=64, Order=0-3, MinObjects=0, CPUs=2, Nodes=1
[    0.000000] Kernel/User page tables isolation: enabled
[    0.000000] ftrace: allocating 39186 entries in 154 pages
[    0.004000] Hierarchical RCU implementation.
[    0.004000] 	RCU restricting CPUs from NR_CPUS=8192 to nr_cpu_ids=2.
[    0.004000] 	Tasks RCU enabled.
[   0.00400]RCU Ajusting geometry for rcu_fanout_leaf=16, nr_cpu_ids=2
[    0.004000] NR_IRQS: 524544, nr_irqs: 440, preallocated irqs: 16
[    0.004000] Console: colour VGA+ 80x25
[    0.004000] console [tty1] enabled
[    0.004000] console [ttyS0] enabled
[    0.004000] ACPI: Core revision 20170831
[   0.004000] ACPI: 2 ACP AMLtales succssfullycquireand lode
[    0.004000] APIC: Switch to symmetric I/O mode setup
[    0.004376] x2apic enabled
[    0.008006] Switched APIC routing to physical x2apic.
[    0.013297] ..TIMER: vector=0x30 apic1=0 pin1=2 apic2=-1 pin2=-1
[    0.016006] tsc: Detected 1899.999 MHz processor
[    0.020014] Calibrating delay loop (skipped) preset value.. 3799.99 BogoMIPS (lpj=7599996)
[    0.024008] pid_max: default: 32768 minimum: 301
[    0.028048] Security Framework initialized
[    0.032004] Yama: becoming mindful.
[    0.036041] AppArmor: AppArmor initialized
[    0.042062] Dentry cache hash table entries: 131072 (order: 8, 1048576 bytes)
[    0.044099] Inode-cache hash table entries: 65536 (order: 7, 524288 bytes)
[    0.048045] Mount-cache hash table entries: 2048 (order: 2, 16384 bytes)
[    0.052099] Mountpoint-cache hash table entries: 2048 (order: 2, 16384 bytes)
[    0.056276] mce: CPU supports 0 MCE banks
[    0.060031] Last level iTLB entries: 4KB 1024, 2MB 1024, 4MB 1024
[    0.064007] Last level dTLB entries: 4KB 1024, 2MB 1024, 4MB 1024, 1GB 4
[    0.068004] Spectre V2 : Mitigation: Full generic retpoline
[    0.072007] Spectre V2 : Spectre v2 / SpectreRSB mitigation: Filling RSB on context switch
[    0.076007] Speculative Store Bypass: Vulnerable
[    0.080125] Freeing SMP alternatives memory: 36K
[    0.088000] smpboot: CPU0: Intel(R) Core(TM) i5-4250U CPU @ 1.30GHz (family: 0x6, model: 0x45, stepping: 0x1)
[    0.088094] Performance Events: unsupported p6 CPU model 69 no PMU driver, software events only.
[    0.092073] Hierarchical SRCU implementation.
[    0.094588] NMI watchdog: Perf event create on CPU 0 failed with -2
[    0.096004] NMI watchdog: Perf NMI watchdog permanently disabled
[    0.100074] smp: Bringing up secondary CPUs ...
[    0.104103] x86: Booting SMP configuration:
[    0.108004] .... node  #0, CPUs:      #1
[    0.004000] kvm-clock: cpu 1, msr 0:3ff44041, secondary cpu clock
[    0.004000] mce: CPU supports 0 MCE banks
[    0.180048] smp: Brought up 1 node, 2 CPUs
[    0.184008] smpboot: Max logical packages: 1
[    0.188006] smpboot: Total of 2 processors activated (7599.99 BogoMIPS)
[    0.196005] devtmpfs: initialized
[    0.200063] x86/mm: Memory block size: 128MB
[    0.204178] evm: security.selinux
[    0.208004] evm: security.SMACK64
[    0.212004] evm: security.SMACK64EXEC
[    0.216004] evm: security.SMACK64TRANSMUTE
[    0.220008] evm: security.SMACK64MMAP
[    0.224007] evm: security.apparmor
[    0.228007] evm: security.ima
[    0.232007] evm: security.capability
[    0.236257] clocksource: jiffies: mask: 0xffffffff max_cycles: 0xffffffff, max_idle_ns: 7645041785100000 ns
[    0.240030] futex hash table entries: 512 (order: 3, 32768 bytes)
[    0.244110] pinctrl core: initialized pinctrl subsystem
[    0.252116] RTC time:  5:23:38, date: 12/07/18
[    0.256438] NET: Registered protocol family 16
[    0.260114] audit: initializing netlink subsys (disabled)
[    0.264111] audit: type=2000 audit(1544160206.541:1): state=initialized audit_enabled=0 res=1
[    0.356010] cpuidle: using governor ladder
[    0.360014] cpuidle: using governor menu
[    0.364057] ACPI: bus type PCI registered
[    0.368007] acpiphp: ACPI Hot Plug PCI Controller Driver version: 0.5
[    0.372182] PCI: Using configuration type 1 for base access
[    0.377173] HugeTLB registered 2.00 MiB page size, pre-allocated 0 pages
[    0.380152] ACPI: Added _OSI(Module Device)
[    0.384006] ACPI: Added _OSI(Processor Device)
[    0.388005] ACPI: Added _OSI(3.0 _SCP Extensions)
[    0.392004] ACPI: Added _OSI(Processor Aggregator Device)
[    0.396005] ACPI: Added _OSI(Linux-Dell-Video)
[    0.400007] ACPI: Added _OSI(Linux-Lenovo-NV-HDMI-Audio)
[    0.404529] ACPI: Executed 1 blocks of module-level executable AML code
[    0.412805] ACPI: Interpreter enabled
[    0.416136] ACPI: (supports S0 S5)
[    0.420012] ACPI: Using IOAPIC for interrupt routing
[    0.424866] PCI: Using host bridge windows from ACPI; if necessary, use "pci=nocrs" and report a bug
[    0.428320] ACPI: Enabled 2 GPEs in block 00 to 07
[    0.442166] ACPI: PCI Root Bridge [PCI0] (domain 0000 [bus 00-ff])
[    0.444025] acpi PNP0A03:00: _OSC: OS supports [ASPM ClockPM Segments MSI]
[    0.448062] acpi PNP0A03:00: _OSC: not requesting OS control; OS requires [ExtendedConfig ASPM ClockPM MSI]
[    0.452029] acpi PNP0A03:00: fail to add MMCONFIG information, can't access extended PCI configuration space under this bridge.
[    0.456584] PCI host bridge to bus 0000:00
[    0.460012] pci_bus 0000:00: root bus resource [io  0x0000-0x0cf7 window]
[    0.464011] pci_bus 0000:00: root bus resource [io  0x0d00-0xffff window]
[    0.468007] pci_bus 0000:00: root bus resource [mem 0x000a0000-0x000bffff window]
[    0.472007] pci_bus 0000:00: root bus resource [mem 0x40000000-0xfdffffff window]
[    0.476010] pci_bus 0000:00: root bus resource [bus 00-ff]
[    0.485651] pci 0000:00:01.1: legacy IDE quirk: reg 0x10: [io  0x01f0-0x01f7]
[    0.488010] pci 0000:00:01.1: legacy IDE quirk: reg 0x14: [io  0x03f6]
[    0.492010] pci 0000:00:01.1: legacy IDE quirk: reg 0x18: [io  0x0170-0x0177]
[    0.496012] pci 0000:00:01.1: legacy IDE quirk: reg 0x1c: [io  0x0376]
[    0.537980] pci 0000:00:07.0: quirk: [io  0x4000-0x403f] claimed by PIIX4 ACPI
[    0.540081] pci 0000:00:07.0: quirk: [io  0x4100-0x410f] claimed by PIIX4 SMB
[    0.564598] ACPI: PCI Interrupt Link [LNKA] (IRQs 5 9 10 *11)
[    0.568816] ACPI: PCI Interrupt Link [LNKB] (IRQs 5 9 *10 11)
[    0.572220] ACPI: PCI Interrupt Link [LNKC] (IRQs 5 *9 10 11)
[    0.576202] ACPI: PCI Interrupt Link [LNKD] (IRQs 5 9 10 *11)
[    0.580559] SCSI subsystem initialized
[    0.584085] pci 0000:00:02.0: vgaarb: setting as boot VGA device
[    0.588000] pci 0000:00:02.0: vgaarb: VGA device added: decodes=io+mem,owns=io+mem,locks=none
[    0.588010] pci 0000:00:02.0: vgaarb: bridge control possible
[    0.592005] vgaarb: loaded
[    0.596049] ACPI: bus type USB registered
[    0.600040] usbcore: registered new interface driver usbfs
[    0.604019] usbcore: registered new interface driver hub
[    0.608051] usbcore: registered new device driver usb
[    0.612113] EDAC MC: Ver: 3.0.0
[    0.616457] PCI: Using ACPI for IRQ routing
[    0.620521] NetLabel: Initializing
[    0.621837] NetLabel:  domain hash size = 128
[    0.623460] NetLabel:  protocols = UNLABELED CIPSOv4 CALIPSO
[    0.624025] NetLabel:  unlabeled traffic allowed by default
[    0.628155] clocksource: Switched to clocksource kvm-clock
[    .6963]FS: Disk quotas dquot_6.6.0
[    0.8352] S:Dqotcache hash able entries: 51 (rd 0 496yts)
[  13644Aprmr:ppmo Feste Eabed

[    2.010898 pnp:Pn APIint[  2216552] pnpPn API fun 3 devices

[  25210] ccksource: acpi_pm: mask: 0xffffff max_cycles: 0xffffff, max_idle_ns: 2085701024 ns
[    7091 NT:Restedprotocol family 2
[    3.218] TCP established hash table entries: 8192 (order: 4, 65536 bytes)
[    3.151366] TCP bind hash table entries: 8192 (order: 5, 131072 bytes)
[    3.153813] TCP: Hash tables configud stlihe 892in8192)[    3.542213] UDP hash table entries: 512 (order: 2, 16384 bytes)
[    3.570248] UDP-Lite hash table entries: 512 (order: 2, 16384byes
  3.91] ET: Regierd rocol family1
[    4.141340] pci 0000:00:00.0: Limiting direct PCI/PCI trnsrs[  43421 p 000001.0 Atiatg IA MAanwoarunds[   .08675pc 000:0:.0Vieodeceit sadwe RM t emx0c0000x000dfff]
[    6.061619] Unpckng initrams..
[    6.705880] Freeing initrd memory: 18968K
[    6.800301] platform rtc_cmos: registered platform RTC device (no PNP device found)
[    6.898730] Scanning for low memory corruption every 60 seconds
[    6.942714] Initialise system trusted keyrings
[    6.983377] Key type blacklist registered
[    7.024316] workingset: timestamp_bits=36 max_order=18 bucket_order=0
[    7.057338] zbud: loaded
[    7.084566] squashfs: version 4.0 (2009/01/31) Phillip Lougher
[    7.160337] fuse init (API version 7.26)
[    7.218333] Key type asymmetric registered
[    7.260091] Asymmetric key parser 'x509' registered
[    7.287213] Block layer SCSI generic (bsg) driver version 0.4 loaded (major 246)
[    7.364567] io scheduler noop registered
[    7.403721] io scheduler deadline registered
[    7.447631] io scheduler cfq registered (default)
[    7.490750] ACPI: AC Adapter [AC] (off-line)
[    7.524655] input: Power Button as /devices/LNXSYSTM:00/LNXPWRBN:00/input/input0
[    7.567229] ACPI: Power Button [PWRF]
[    7.585217] input: Sleep Button as /devices/LNXSYSTM:00/LNXSLPBN:00/input/input1
[    7.600638] ACPI: Sleep Button [SLPF]
[    7.614922] Serial: 8250/16550 driver, 32 ports, IRQ sharing enabled
[    7.618842] ACPI: Battery Slot [BAT0] (battery present)
[    7.678557] 00:02: ttyS0 at I/O 0x3f8 (irq = 4, base_baud = 115200) is a 16550A
[    7.755230] Linux agpgart interface v0.103
[    7.783881] loop: module loaded
[    7.814066] tsc: Refined TSC clocksource calibration: 1900.294 MHz
[    7.816781] clocksource: tsc: mask: 0xffffffffffffffff max_cycles: 0x36c88305944, max_idle_ns: 881590460856 ns
[    7.945124] scsi host0: ata_piix
[    7.98531] scsi hot1 aa_iix
[    .18196 a1:ATmaUD/3cm0x0 l 3f bma0x000 rq14

[    9.085316] ata2: PATA max UDMA/33 cmd 0x170 ctl 0x376 bmdma 0xd008 irq 15
[    9.177186] libphy: Fixed MDIO Bus: probed
[    9.228295] tun: Universal TUN/TAP device driver, 1.6
[    9.312846] PPP generic driver version 2.4.2
[    9.372907] ehci_hcd: USB 2.0 'Enhanced' Host Controller (EHCI) Driver
[    9.464873] ehci-pci: EHCI PCI platform driver
[    9.546312] ehci-platform: EHCI generic platform driver
[    9.589661] ohci_hcd: USB 1.1 'Open' Host Controller (OHCI) Driver
[    9.591960] ohci-pci: OHCI PCI platform driver
[    96600oh-ptform: OHCI enric atfm iv
  0.14] cicdUSB UivsaHo CtrleIneracedrivr

[   11.120]80: P:S/CoroerPN30:P2KNP03PSM]t x6,04 irq ,1
[   2.1888] er: 04KBD port at 0x60,x6ir 1

[   12.7776seo:i82 X rtat 0x600x4 rq 12
[   13.077140] mousedev: PS/2 mouse device common for all mice
[   13.130648] rtc_cmos rtc_cmos: rtc core: registered rtc_cmos as rtc0
[   13.271346] input: AT Translated Set 2 keyboard as /devices/platform/i8042/serio0/input/input2
[   13.272208] rtc_cmos rtc_cmos: alarms up to one day, 114 bytes nvram
[   13.272222] i2c /dev entries driver
[   13.272230] pcie_mp2_amd: AMD(R) PCI-E MP2 Communication Driver Version: 1.0
[   13.272324] device-mapper: uevent: version 1.0.3
[   13.272399] device-mapper: ioctl: 4.37.0-ioctl (2017-09-20) initialised: dm-devel@redhat.com
[   13.498849] ledtrig-cpu: registered to indicate activity on CPUs
[   13.506309] NET: Registered protocol family 10
[   13.549910] Segment Routing with IPv6
[   13.593661] NET: Registered protocol family 17
[   13.601441] Key type dns_resolver registered
[   13.609891] RAS: Correctable Errors collector initialized.
[   13.673907] sched_clock: Marking stable (13673848216, 0)->(34070576463, -20396728247)
[   13.744505] registered taskstats version 1
[   13.804218] Loading compiled-in X.509 certificates
[   13.831118] Loaded X.509 cert 'Build time autogenerated kernel key: 1663f0131deec003b89e364b3e1eacfdeb38eccf'
[   13.953268] zswap: loaded using pool lzo/zbud
[   14.009270] Key type big_key registered
[   14.055452] Key type trusted registered
[   14.077590] Key type encrypted registered
[   14.111736] AppArmor: AppArmor sha1 policy hashing enabled
[   14.161940] ima: No TPM chip found, activating TPM-bypass! (rc=-19)
[   14.223788] ima: Allocated hash algorithm: sha1
[   14.275542] evm: HMAC attrs: 0x1
[   14.309863]   Magic number: 14:911:364
[   14.345679] rtc_cmos rtc_cmos: setting system clock to 2018-12-07 05:23:55 UTC (1544160235)
[   14.439843] BIOS EDD facility v0.16 2004-Jun-25, 0 devices found
[   14.512323] EDD information not available.
[   14.522114] Freeing unused kernel memory: 2408K
[   14.552615] Write protecting the kernel read-only data: 20480k
[   14.572647] Freeing unused kernel memory: 2008K
[   14.603754] Freeing unused kernel memory: 1892K
[   14.641625] x86/mm: Checked W+X mappings: passed, no W+X pages found.
[   14.723026] x86/mm: Checking user space page tables
[   14.751278] x86/mm: Checked W+X mappings: passed, no W+X pages found.
Loading, please wait...
starting version 237
[   14.894072] e1000: Intel(R) PRO/1000 Network Driver - version 7.3.21-k8-NAPI
[   14.903091] e1000: Copyright (c) 1999-2006 Intel Corporation.
[   14.912067] Fusion MPT base driver 3.04.20
[   14.922407] Copyright (c) 1999-2008 LSI Corporation
[   14.940250] Fusion MPT SPI Host driver 3.04.20
[   14.961823] AVX2 version of gcm_enc/dec engaged.
[   14.976381] AES CTR mode by8 optimization enabled
[   15.170785] input: ImExPS/2 Generic Explorer Mouse as /devices/platform/i8042/serio1/input/input4
[   15.377350] e1000 0000:00:03.0 eth0: (PCI:33MHz:32-bit) 02:ec:de:eb:8e:43
[   15.463908] e1000 0000:00:03.0 eth0: Intel(R) PRO/1000 Network Connection
[   15.585700] mptbase: ioc0: Initiating bringup
[   15.728638] ioc0: LSI53C1030 A0: Capabilities={Initiator}
[   15.989190] scsi host2: ioc0: LSI53C1030 A0, FwRev=00000000h, Ports=1, MaxQ=256, IRQ=20
[   16.269516] scsi 2:0:0:0: Direct-Access     VBOX     HARDDISK         1.0  PQ: 0 ANSI: 5
[   16.673432] scsi target2:0:0: Beginning Domain Validation
[   16.693492] scsi target2:0:0: Domain Validation skipping write tests
[   16.696321] scsi target2:0:0: Ending Domain Validation
[   16.698699] scsi target2:0:0: asynchronous
[   16.701453] scsi 2:0:1:0: Direct-Access     VBOX     HARDDISK         1.0  PQ: 0 ANSI: 5
[   16.704173] e1000 0000:00:08.0 eth1: (PCI:33MHz:32-bit) 08:00:27:ad:97:7e
[   16.704179] e1000 0000:00:08.0 eth1: Intel(R) PRO/1000 Network Connection
[   16.735687] e1000 0000:00:03.0 enp0s3: renamed from eth0
[   16.849148] e1000 0000:00:08.0 enp0s8: renamed from eth1
[   16.920211] scsi target2:0:1: Beginning Domain Validation
[   16.957792] random: fast init done
[   16.971790] random: systemd-udevd: uninitialized urandom read (16 bytes read)
[   16.972269] random: systemd-udevd: uninitialized urandom read (16 bytes read)
[   16.972880] random: systemd-udevd: uninitialized urandom read (16 bytes read)
[   16.975605] scsi target2:0:1: Domain Validation skipping write tests
[   16.975607] scsi target2:0:1: Ending Domain Validation
[   16.975798] scsi target2:0:1: asynchronous
[   16.986865] sd 2:0:0:0: [sda] 20971520 512-byte logical blocks: (10.7 GB/10.0 GiB)
[   16.986969] sd 2:0:0:0: [sda] Write Protect is off
[   16.987186] sd 2:0:0:0: [sda] Incomplete mode parameter data
[   16.987188] sd 2:0:0:0: [sda] Assuming drive cache: write through
[   17.003415] sd 2:0:0:0: Attached scsi generic sg0 type 0
[   17.006265] sd 2:0:1:0: Attached scsi generic sg1 type 0
[   17.006805] sd 2:0:1:0: [sdb] 20480 512-byte logical blocks: (10.5 MB/10.0 MiB)
[   17.006941] sd 2:0:1:0: [sdb] Write Protect is off
[   17.007192] sd 2:0:1:0: [sdb] Incomplete mode parameter data
[   17.007194] sd 2:0:1:0: [sdb] Assuming drive cache: write through
[   17.012772]  sda: sda1
[   17.014465] sd 2:0:0:0: [sda] Attached SCSI disk
[   17.015378] sd 2:0:1:0: [sdb] Attached SCSI disk
Begin: Loading essential drivers ... [   19.044238] raid6: sse2x1   gen()  8423 MB/s
[   19.152051] raid6: sse2x1   xor()  5941 MB/s
[   19.232213] raid6: sse2x2   gen()  5497 MB/s
[   19.316276] raid6: sse2x2   xor()  3808 MB/s
[   19.404332] raid6: sse2x4   gen() 11292 MB/s
[   19.520283] raid6: sse2x4   xor()  7440 MB/s
[   19.620261] raid6: avx2x1   gen() 16562 MB/s
[   19.712022] raid6: avx2x1   xor() 11149 MB/s
[   19.792385] raid6: avx2x2   gen() 18873 MB/s
[   19.884237] raid6: avx2x2   xor() 11383 MB/s
[   19.976067] raid6: avx2x4   gen() 21485 MB/s
[   20.024258] raid6: avx2x4   xor() 13976 MB/s
[   20.073898] raid6: using algorithm avx2x4 gen() 21485 MB/s
[   20.148905] raid6: .... xor() 13976 MB/s, rmw enabled
[   20.212437] raid6: using avx2x2 recovery algorithm
[   20.266321] xor: automatically using best checksumming function   avx       
[   20.325989] async_tx: api initialized (async)
done.
Begin: Running /scripts/init-premount ... done.
Begin: Mounting root file system ... Begin: Running /scripts/local-top ... done.
Begin: Running /scripts/local-premount ... [   20.481900] Btrfs loaded, crc32c=crc32c-intel
Scanning for Btrfs filesystems
done.
Warning: fsck not present, so sk[   20.597453] EXT4-fs (sda1): mounted filesystem with ordered data mode. Opts: (null)
ipping root file system
done.
Begin: Running /scripts/local-bottom ... done.
Begin: Running /scripts/init-bottom ... done.
[   21.049500] ip_tables: (C) 2000-2006 Netfilter Core Team
[   21.640281] systemd[1]: systemd 237 running in system mode. (+PAM +AUDIT +SELINUX +IMA +APPARMOR +SMACK +SYSVINIT +UTMP +LIBCRYPTSETUP +GCRYPT +GNUTLS +ACL +XZ +LZ4 +SECCOMP +BLKID +ELFUTILS +KMOD -IDN2 +IDN -PCRE2 default-hierarchy=hybrid)
[   22.234065] systemd[1]: Detected virtualization oracle.
[   22.358567] systemd[1]: Detected architecture x86-64.

Welcome to [1mUbuntu 18.04.1 LTS[0m!

[   22.446449] systemd[1]: Set hostname to <ubuntu-bionic>.
[   23.087241] systemd[1]: Created slice User and Session Slice.
[[0;32m  OK  [0m] Created slice User and Session Slice.
[   23.208736] systemd[1]: Reached target System Time Synchronized.
[[0;32m  OK  [0m] Reached target System Time Synchronized.
[   23.368251] systemd[1]: Reached target User and Group Name Lookups.
[[0;32m  OK  [0m] Reached target User and Group Name Lookups.
[   23.469617] systemd[1]: Created slice System Slice.
[[0;32m  OK  [0m] Created slice System Slice.
[   23.625471] systemd[1]: Reached target Slices.
[[0;32m  OK  [0m] Reached target Slices.
[   23.756932] systemd[1]: Listening on Syslog Socket.
[[0;32m  OK  [0m] Listening on Syslog Socket.
[[0;32m  OK  [0m] Listening on udev Kernel Socket.
[[0;32m  OK  [0m] Listening on Network Service Netlink Socket.
[[0;32m  OK  [0m] Created slice system-serial\x2dgetty.slice.
[[0;32m  OK  [0m] Listening on Journal Socket.
         Mounting Huge Pages File System...
         Mounting Kernel Debug File System...
         Starting Set the console keyboard layout...
         Starting Remount Root and Kernel File Systems...[   24.118077] EXT4-fs (sda1): re-mounted. Opts: (null)

         Mounting POSIX Message Queue File System...
         Starting Create list of required st…ce nodes for the current kernel...
[[0;32m  OK  [0m] Listening on udev Control Socket.
         Starting udev Coldplug all Devices...
[[0;32m  OK  [0m] Listening on /dev/initctl Compatibility Named Pipe.
[[0;32m  OK  [0m] Reached target Swap.
         Starting Uncomplicated firewall...
[[0;32m  OK  [0m] Listening on Journal Audit Socket.
[[0;32m  OK  [0m] Started Forward Password Requests to Wall Directory Watch.
[[0;32m  OK  [0m] Listening on Journal Socket (/dev/log).
         Starting Journal Service...
[[0;32m  OK  [0m] Listening on LVM2 metadata daemon socket.
[[0;32m  OK  [0m] Listening on LVM2 poll daemon socket.
[[0;32m  OK  [0m] Set up automount Arbitrary Executab…rmats File System Automount Point.
[[0;32m  OK  [0m] Listening on Device-mapper event daemon FIFOs.
         Starting Monitoring of LVM2 mirrors…ng dmeventd or progress polling...
         Starting Load Kernel Modules...[   24.788349] Loading iSCSI transport class v2.0-870.

[[0;32m  OK  [[   24.820486] iscsi: registered transport (tcp)
0m] Started Journal Service.
[   24.898594] random: crng init done
[   24.918070] random: 7 urandom warning(s) missed due to ratelimiting
[[0;32m  OK  [[   24.929569] iscsi: registered transport (iser)
0m] Mounted Huge Pages File System.
[[0;32m  OK  [0m] Mounted Kernel Debug File System.
[[0;32m  OK  [0m] Started Set the console keyboard layout.
[[0;32m  OK  [0m] Started Remount Root and Kernel File Systems.
[[0;32m  OK  [0m] Mounted POSIX Message Queue File System.
[[0;32m  OK  [0m] Started Create list of required sta…vice nodes for the current kernel.
[[0;32m  OK  [0m] Started Uncomplicated firewall.
[[0;32m  OK  [0m] Started Load Kernel Modules.
[[0;32m  OK  [0m] Started LVM2 metadata daemon.
         Mounting Kernel Configuration File System...
         Starting Apply Kernel Variables...
         Mounting FUSE Control File System...
         Starting Create Static Device Nodes in /dev...
         Starting Load/Save Random Seed...
         Starting Initial cloud-init job (pre-networking)...
         Starting Flush Journal to Persistent Storage...
[[0;32m  OK  [0m] Started Monitoring of LVM2 mirrors,…sing dmeventd or progress polling.
[[0;32m  OK  [0m] Started udev Coldplug all Devices.
[[0;32m  OK  [0m] Mounted Kernel Configuration File System.
[[0;32m  OK  [0m] Started Apply Kernel Variables.
[[0;32m  OK  [0m] Mounted FUSE Control File System.
[[0;32m  OK  [0m] Started Create Static Device Nodes in /dev.
[[0;32m  OK  [0m] Started Load/Save Random Seed.
         Starting udev Kernel Device Manager...
[[0;32m  OK  [0m] Reached target Local File Systems (Pre).
[[0;32m  OK  [0m] Reached target Local File Systems.
         Starting ebtables ruleset management...
         Starting AppArmor initialization...
         Starting Set console font and keymap...
         Starting Tell Plymouth To Write Out Runtime Data...
[[0;32m  OK  [0m] Started udev Kernel Device Manager.
[[0;32m  OK  [0m] Started Dispatch Password Requests to Console Directory Watch.
[[0;32m  OK  [0m] Reached target Local Encrypted Volumes.
[[0;32m  OK  [0m] Started Set console font and keymap.
[[0;32m  OK  [0m] Started Tell Plymouth To Write Out Runtime Data.
[[0;32m  OK  [0m] Started Flush Journal to Persistent Storage.
         Starting Create Volatile Files and Directories...
[[0;32m  OK  [0m] Started Create Volatile Files and Directories.
[[0;32m  OK  [0m] Started ebtables ruleset management.
         Starting Update UTMP about System Boot/Shutdown...
[[0;32m  OK  [0m] Started Update UTMP about System Boot/Shutdown.
[[0;32m  OK  [0m] Found device /dev/ttyS0.
[[0;32m  OK  [0m] Listening on Load/Save RF Kill Switch Status /dev/rfkill Watch.
[[0;32m  OK  [0m] Started AppArmor initialization.
[   27.769293] cloud-init[428]: Cloud-init v. 18.4-0ubuntu1~18.04.1 running 'init-local' at Fri, 07 Dec 2018 05:24:08 +0000. Up 27.41 seconds.
[[0;32m  OK  [0m] Started Initial cloud-init job (pre-networking).
[[0;32m  OK  [0m] Reached target Network (Pre).
         Starting Network Service...
[[0;32m  OK  [0m] Started Network Service.
         Starting Network Name Resolution...
         Starting Wait for Network to be Configured...
[[0;32m  OK  [0m] Started Network Name Resolution.
[[0;32m  OK  [0m] Reached target Host and Network Name Lookups.
[[0;32m  OK  [0m] Reached target Network.
[[0;32m  OK  [0m] Started Wait for Network to be Configured.
         Starting Initial cloud-init job (metadata service crawler)...
[   30.486548] cloud-init[670]: Cloud-init v. 18.4-0ubuntu1~18.04.1 running 'init' at Fri, 07 Dec 2018 05:24:11 +0000. Up 30.26 seconds.
[   30.548132] cloud-init[670]: ci-info: ++++++++++++++++++++++++++++++++++++++Net device info+++++++++++++++++++++++++++++++++++++++
[   30.652507] cloud-init[670]: ci-info: +--------+------+-----------------------------+---------------+--------+-------------------+
[   30.729320] cloud-init[670]: ci-info: | Device |  Up  |           Address           |      Mask     | Scope  |     Hw-Address    |
[   30.816517] cloud-init[670]: ci-info: +--------+------+-----------------------------+---------------+--------+-------------------+
[   30.896725] cloud-init[670]: ci-info: | enp0s3 | True |          10.0.2.15          | 255.255.255.0 | global | 02:ec:de:eb:8e:43 |
[[   30.964497] cloud-init[670]: ci-info: | enp0s3 | True |  fe80::ec:deff:feeb:8e43/64 |       .       |  link  | 02:ec:de:eb:8e:43 |
[0;32m  OK  [0m] Started Initial cloud-init job (metadata service crawler).
[   30.965123] cloud-init[670]: ci-info: | enp0s8 | True |        192.168.33.10        | 255.255.255.0 | global | 08:00:27:ad:97:7e |
[[   31.148931] cloud-init[670]: ci-info: | enp0s8 | True | fe80::a00:27ff:fead:977e/64 |       .       |  link  | 08:00:27:ad:97:7e |
[   31.149510] cloud-init[670]: ci-info: |   lo   | True |          127.0.0.1          |   255.0.0.0   |  host  |         .         |
[0;32m  OK  [0m] Reached target Network is Online.
[   31.150017] cloud-init[670]: ci-info: |   lo   | True |           ::1/128           |       .       |  host  |         .         |
[   31.392933] cloud-init[670]: ci-info: +--------+------+-----------------------------+---------------+--------+-------------------+
         Starting Availability of block devices...
[   31.393182] cloud-init[670]: ci-info: +++++++++++++++++++++++++++++Route IPv4 info+++++++++++++++++++++++++++++
[[   31.649677] cloud-init[670]: ci-info: +-------+--------------+----------+-----------------+-----------+-------+
[0;32m  OK  [0m] Reached target Remote File Systems (Pre).
[   31.650150] cloud-init[670]: ci-info: | Route | Destination  | Gateway  |     Genmask     | Interface | Flags |
[[   31.881057] cloud-init[670]: ci-info: +-------+--------------+----------+-----------------+-----------+-------+
[0;32m  OK  [0m] Reached target Remote File Systems.
[   31.881549] cloud-init[670]: ci-info: |   0   |   0.0.0.0    | 10.0.2.2 |     0.0.0.0     |   enp0s3  |   UG  |
[[   32.092600] cloud-init[670]: ci-info: |   1   |   10.0.2.0   | 0.0.0.0  |  255.255.255.0  |   enp0s3  |   U   |
[   32.093075] cloud-init[670]: ci-info: |   2   |   10.0.2.2   | 0.0.0.0  | 255.255.255.255 |   enp0s3  |   UH  |[0;32m  OK  [0m
] Reached target System Initialization.
[   32.093532] cloud-init[670]: ci-info: |   3   | 192.168.33.0 | 0.0.0.0  |  255.255.255.0  |   enp0s8  |   U   |
[   32.220633] cloud-init[670]: ci-info: +-------+--------------+----------+-----------------+-----------+-------+
[   32.220891] cloud-init[670]: ci-info: +++++++++++++++++++Route IPv6 info+++++++++++++++++++
         Starting LXD - unix socket.
[   32.223258] cloud-init[670]: ci-info: +-------+-------------+---------+-----------+-------+
[[   32.456579] cloud-init[670]: ci-info: | Route | Destination | Gateway | Interface | Flags |
[0;32m  OK  [0m] Started Message of the Day.
[   32.457142] cloud-init[670]: ci-info: +-------+-------------+---------+-----------+-------+
[[   32.666625] cloud-init[670]: ci-info: |   1   |  fe80::/64  |    ::   |   enp0s8  |   U   |
[   32.667008] cloud-init[670]: ci-info: |   2   |  fe80::/64  |    ::   |   enp0s3  |   U   |
[0;32m  OK  [0m] Started Discard unused blocks once a week.
[   32.667524] cloud-init[670]: ci-info: |   4   |    local    |    ::   |   enp0s3  |   U   |
[[   32.977023] cloud-init[670]: ci-info: |   5   |    local    |    ::   |   enp0s8  |   U   |
[   32.977704] cloud-init[670]: ci-info: |   6   |   ff00::/8  |    ::   |   enp0s8  |   U   |
[0;32m  OK  [0m] Listening on ACPID Listen Socket.
[   32.979059] cloud-init[670]: ci-info: |   7   |   ff00::/8  |    ::   |   enp0s3  |   U   |
[[   33.257358] cloud-init[670]: ci-info: +-------+-------------+---------+-----------+-------+
[0;32m  OK  [0m] Started Daily apt download activities.
         Starting Socket activation for snappy daemon.
[[0;32m  OK  [0m] Started Daily Cleanup of Temporary Directories.
[[0;32m  OK  [0m] Started Daily apt upgrade and clean activities.
[[0;32m  OK  [0m] Reached target Timers.
[[0;32m  OK  [0m] Listening on D-Bus System Message Bus Socket.
[[0;32m  OK  [0m] Started ACPI Events Check.
[[0;32m  OK  [0m] Reached target Paths.
[[0;32m  OK  [0m] Listening on Open-iSCSI iscsid Socket.
[[0;32m  OK  [0m] Listening on UUID daemon activation socket.
[[0;32m  OK  [0m] Reached target Cloud-config availability.
[[0;32m  OK  [0m] Started Availability of block devices.
[[0;32m  OK  [0m] Listening on LXD - unix socket.
[[0;32m  OK  [0m] Listening on Socket activation for snappy daemon.
[[0;32m  OK  [0m] Reached target Sockets.
[[0;32m  OK  [0m] Reached target Basic System.
[[0;32m  OK  [0m] Started Unattended Upgrades Shutdown.
[[0;32m  OK  [0m] Started Regular background program processing daemon.
         Starting Virtualbox guest utils...
[[0;32m  OK  [0m] Started Deferred execution scheduler.
[[0;32m  OK  [0m] Started irqbalance daemon.
         Starting Login Service...
         Starting Accounts Service...
[[0;32m  OK  [0m] Started D-Bus System Message Bus.
[[0;32m  OK  [0m] Started Login Service.
         Starting System Logging Service...
         Starting OpenBSD Secure Shell server...
         Starting LSB: automatic crash report generation...
         Starting Snappy daemon...
         Starting Dispatcher daemon for systemd-networkd...
         Starting Permit User Sessions...
         Starting LSB: Record successful boot for GRUB...
[[0;32m  OK  [0m] Started FUSE filesystem for LXC.
         Starting LXD - container startup/shutdown...
[[0;32m  OK  [0m] Started System Logging Service.
[[0;32m  OK  [0m] Started Permit User Sessions.
[[0;32m  OK  [0m] Started Snappy daemon.
[[0;32m  OK  [0m] Started OpenBSD Secure Shell server.
         Starting Authorization Manager...
         Starting Wait until snapd is fully seeded...
         Starting Hold until boot process finishes up...
         Starting Terminate Plymouth Boot Screen...
[[0;32m  OK  [0m] Started LXD - container startup/shutdown.
[[0;32m  OK  [0m] Started LSB: automatic crash report generation.
[[0;32m  OK  [0m] Started Dispatcher daemon for systemd-networkd.
[[0;32m  OK  [0m] Started Virtualbox guest utils.
[[0;32m  OK  [0m] Started LSB: Record successful boot for GRUB.
[[0;32m  OK  [0m] Started Wait until snapd is fully seeded.
[[0;32m  OK  [0m] Started Hold until boot process finishes up.
[[0;32m  OK  [0m] Started Terminate Plymouth Boot Screen.
[[0;32m  OK  [0m] Started Authorization Manager.
[[0;32m  OK  [0m] Started Accounts Service.
         Starting Set console scheme...
[[0;32m  OK  [0m] Started Serial Getty on ttyS0.
         Starting Apply the settings specified in cloud-config...
[[0;32m  OK  [0m] Started Set console scheme.
[[0;32m  OK  [0m] Created slice system-getty.slice.
[[0;32m  OK  [0m] Started Getty on tty1.
[[0;32m  OK  [0m] Reached target Login Prompts.
[[0;32m  OK  [0m] Reached target Multi-User System.
[[0;32m  OK  [0m] Reached target Graphical Interface.
         Starting Update UTMP about System Runlevel Changes...
[[0;32m  OK  [0m] Started Update UTMP about System Runlevel Changes.
[   36.334366] cloud-init[1113]: Cloud-init v. 18.4-0ubuntu1~18.04.1 running 'modules:config' at Fri, 07 Dec 2018 05:24:17 +0000. Up 36.17 seconds.
[[0;32m  OK  [0m] Started Apply the settings specified in cloud-config.
         Starting Execute cloud user/final scripts...
[[0;32m  OK  [0m] Created slice User Slice of vagrant.
         Starting User Manager for UID 1000...
[[0;32m  OK  [0m] Started Session 1 of user vagrant.
[[0;32m  OK  [0m] Started User Manager for UID 1000.
[   37.531596] cloud-init[1189]: Cloud-init v. 18.4-0ubuntu1~18.04.1 running 'modules:final' at Fri, 07 Dec 2018 05:24:18 +0000. Up 37.29 seconds.
[   37.652509] cloud-init[1189]: Cloud-init v. 18.4-0ubuntu1~18.04.1 finished at Fri, 07 Dec 2018 05:24:18 +0000. Datasource DataSourceNoCloud [seed=/dev/sdb][dsmode=net].  Up 37.51 seconds
[[0;32m  OK  [0m] Started Execute cloud user/final scripts.
[[0;32m  OK  [0m] Reached target Cloud-init target.

Ubuntu 18.04.1 LTS ubuntu-bionic ttyS0

ubuntu-bionic login: 